<?xml version="1.0" encoding="UTF-8"?>
<!-- Generated by org.testng.reporters.JUnitReportReporter -->
<testsuite hostname="DESKTOP-5B2Q11L" failures="0" tests="1" name="com.inetBanking.qa.Testcases.TC_LoginTest" time="2.126" errors="0" timestamp="24 Jan 2021 13:05:59 GMT" skipped="0">
  <testcase classname="com.inetBanking.qa.Testcases.TC_LoginTest" name="loginTest" time="2.126"/>
</testsuite> <!-- com.inetBanking.qa.Testcases.TC_LoginTest -->
