<?xml version="1.0" encoding="UTF-8"?>
<!-- Generated by org.testng.reporters.JUnitReportReporter -->
<testsuite skipped="0" hostname="DESKTOP-5B2Q11L" name="com.inetBanking.qa.Testcases.AddCustomerTest" tests="1" failures="0" timestamp="25 Jan 2021 09:38:16 GMT" time="19.241" errors="0">
  <testcase name="addNewCustomer" time="19.241" classname="com.inetBanking.qa.Testcases.AddCustomerTest"/>
</testsuite> <!-- com.inetBanking.qa.Testcases.AddCustomerTest -->
